Using pre-set license
Built from '2021.3/staging' branch; Version is '2021.3.10f1 (1c7d0df0160b) revision 1867021'; Using compiler version '192829333'; Build Type 'Release'
OS: 'Windows 10  (10.0.19044) 64bit Core' Language: 'ja' Physical Memory: 16254 MB
BatchMode: 1, IsHumanControllingUs: 0, StartBugReporterOnCrash: 0, Is64bit: 1, IsPro: 1

COMMAND LINE ARGUMENTS:
C:\Program Files\Unity\Hub\Editor\2021.3.10f1\Editor\Unity.exe
-adb2
-batchMode
-noUpm
-name
AssetImportWorker0
-projectPath
C:/Users/fsait/Desktop/GiTiiKawa
-logFile
Logs/AssetImportWorker0.log
-srvPort
58069
Successfully changed project path to: C:/Users/fsait/Desktop/GiTiiKawa
C:/Users/fsait/Desktop/GiTiiKawa
[UnityMemory] Configuration Parameters - Can be set up in boot.config
    "memorysetup-bucket-allocator-granularity=16"
    "memorysetup-bucket-allocator-bucket-count=8"
    "memorysetup-bucket-allocator-block-size=33554432"
    "memorysetup-bucket-allocator-block-count=8"
    "memorysetup-main-allocator-block-size=16777216"
    "memorysetup-thread-allocator-block-size=16777216"
    "memorysetup-gfx-main-allocator-block-size=16777216"
    "memorysetup-gfx-thread-allocator-block-size=16777216"
    "memorysetup-cache-allocator-block-size=4194304"
    "memorysetup-typetree-allocator-block-size=2097152"
    "memorysetup-profiler-bucket-allocator-granularity=16"
    "memorysetup-profiler-bucket-allocator-bucket-count=8"
    "memorysetup-profiler-bucket-allocator-block-size=33554432"
    "memorysetup-profiler-bucket-allocator-block-count=8"
    "memorysetup-profiler-allocator-block-size=16777216"
    "memorysetup-profiler-editor-allocator-block-size=1048576"
    "memorysetup-temp-allocator-size-main=16777216"
    "memorysetup-job-temp-allocator-block-size=2097152"
    "memorysetup-job-temp-allocator-block-size-background=1048576"
    "memorysetup-job-temp-allocator-reduction-small-platforms=262144"
    "memorysetup-temp-allocator-size-background-worker=32768"
    "memorysetup-temp-allocator-size-job-worker=262144"
    "memorysetup-temp-allocator-size-preload-manager=33554432"
    "memorysetup-temp-allocator-size-nav-mesh-worker=65536"
    "memorysetup-temp-allocator-size-audio-worker=65536"
    "memorysetup-temp-allocator-size-cloud-worker=32768"
    "memorysetup-temp-allocator-size-gi-baking-worker=262144"
    "memorysetup-temp-allocator-size-gfx=262144"
Refreshing native plugins compatible for Editor in 134.86 ms, found 3 plugins.
Preloading 0 native plugins for Editor in 0.00 ms.
Initialize engine version: 2021.3.10f1 (1c7d0df0160b)
[Subsystems] Discovering subsystems at path C:/Program Files/Unity/Hub/Editor/2021.3.10f1/Editor/Data/Resources/UnitySubsystems
[Subsystems] Discovering subsystems at path C:/Users/fsait/Desktop/GiTiiKawa/Assets
GfxDevice: creating device client; threaded=0; jobified=0
Direct3D:
    Version:  Direct3D 11.0 [level 11.1]
    Renderer: NVIDIA GeForce GTX 1060 6GB (ID=0x1c03)
    Vendor:   NVIDIA
    VRAM:     6052 MB
    Driver:   30.0.14.7348
Initialize mono
Mono path[0] = 'C:/Program Files/Unity/Hub/Editor/2021.3.10f1/Editor/Data/Managed'
Mono path[1] = 'C:/Program Files/Unity/Hub/Editor/2021.3.10f1/Editor/Data/MonoBleedingEdge/lib/mono/unityjit-win32'
Mono config path = 'C:/Program Files/Unity/Hub/Editor/2021.3.10f1/Editor/Data/MonoBleedingEdge/etc'
Using monoOptions --debugger-agent=transport=dt_socket,embedding=1,server=y,suspend=n,address=127.0.0.1:56204
Begin MonoManager ReloadAssembly
Registering precompiled unity dll's ...
Register platform support module: C:/Program Files/Unity/Hub/Editor/2021.3.10f1/Editor/Data/PlaybackEngines/WebGLSupport/UnityEditor.WebGL.Extensions.dll
Register platform support module: C:/Program Files/Unity/Hub/Editor/2021.3.10f1/Editor/Data/PlaybackEngines/AndroidPlayer/UnityEditor.Android.Extensions.dll
Register platform support module: C:/Program Files/Unity/Hub/Editor/2021.3.10f1/Editor/Data/PlaybackEngines/iOSSupport/UnityEditor.iOS.Extensions.dll
Register platform support module: C:/Program Files/Unity/Hub/Editor/2021.3.10f1/Editor/Data/PlaybackEngines/WindowsStandaloneSupport/UnityEditor.WindowsStandalone.Extensions.dll
Registered in 0.014326 seconds.
Native extension for WindowsStandalone target not found
[usbmuxd] Start listen thread
[usbmuxd] Listen thread started
Native extension for iOS target not found
Native extension for Android target not found
Native extension for WebGL target not found
Refreshing native plugins compatible for Editor in 132.22 ms, found 3 plugins.
Preloading 0 native plugins for Editor in 0.00 ms.
Mono: successfully reloaded assembly
- Completed reload, in  0.746 seconds
Domain Reload Profiling:
	ReloadAssembly (747ms)
		BeginReloadAssembly (80ms)
			ExecutionOrderSort (0ms)
			DisableScriptedObjects (0ms)
			BackupInstance (0ms)
			ReleaseScriptingObjects (0ms)
			CreateAndSetChildDomain (1ms)
		EndReloadAssembly (545ms)
			LoadAssemblies (78ms)
			RebuildTransferFunctionScriptingTraits (0ms)
			SetupTypeCache (111ms)
			ReleaseScriptCaches (0ms)
			RebuildScriptCaches (31ms)
			SetupLoadedEditorAssemblies (346ms)
				LogAssemblyErrors (0ms)
				InitializePlatformSupportModulesInManaged (67ms)
				SetLoadedEditorAssemblies (0ms)
				RefreshPlugins (132ms)
				BeforeProcessingInitializeOnLoad (1ms)
				ProcessInitializeOnLoadAttributes (96ms)
				ProcessInitializeOnLoadMethodAttributes (49ms)
				AfterProcessingInitializeOnLoad (0ms)
				EditorAssembliesLoaded (0ms)
			ExecutionOrderSort2 (0ms)
			AwakeInstancesAfterBackupRestoration (0ms)
Platform modules already initialized, skipping
Registering precompiled user dll's ...
Registered in 0.013996 seconds.
Begin MonoManager ReloadAssembly
Symbol file LoadedFromMemory doesn't match image C:\Users\fsait\Desktop\GiTiiKawa\Library\PackageCache\com.unity.visualscripting@1.7.8\Editor\VisualScripting.Core\Dependencies\YamlDotNet\Unity.VisualScripting.YamlDotNet.dll
Symbol file LoadedFromMemory doesn't match image C:\Users\fsait\Desktop\GiTiiKawa\Library\PackageCache\com.unity.visualscripting@1.7.8\Editor\VisualScripting.Core\Dependencies\DotNetZip\Unity.VisualScripting.IonicZip.dll
Native extension for WindowsStandalone target not found
Native extension for iOS target not found
Native extension for Android target not found
Native extension for WebGL target not found
Refreshing native plugins compatible for Editor in 0.76 ms, found 3 plugins.
Preloading 0 native plugins for Editor in 0.00 ms.
Mono: successfully reloaded assembly
- Completed reload, in  1.343 seconds
Domain Reload Profiling:
	ReloadAssembly (1344ms)
		BeginReloadAssembly (119ms)
			ExecutionOrderSort (0ms)
			DisableScriptedObjects (5ms)
			BackupInstance (0ms)
			ReleaseScriptingObjects (0ms)
			CreateAndSetChildDomain (19ms)
		EndReloadAssembly (1088ms)
			LoadAssemblies (102ms)
			RebuildTransferFunctionScriptingTraits (0ms)
			SetupTypeCache (329ms)
			ReleaseScriptCaches (1ms)
			RebuildScriptCaches (88ms)
			SetupLoadedEditorAssemblies (481ms)
				LogAssemblyErrors (0ms)
				InitializePlatformSupportModulesInManaged (36ms)
				SetLoadedEditorAssemblies (1ms)
				RefreshPlugins (1ms)
				BeforeProcessingInitializeOnLoad (115ms)
				ProcessInitializeOnLoadAttributes (280ms)
				ProcessInitializeOnLoadMethodAttributes (37ms)
				AfterProcessingInitializeOnLoad (11ms)
				EditorAssembliesLoaded (0ms)
			ExecutionOrderSort2 (0ms)
			AwakeInstancesAfterBackupRestoration (9ms)
Platform modules already initialized, skipping
========================================================================
Worker process is ready to serve import requests
Launched and connected shader compiler UnityShaderCompiler.exe after 0.07 seconds
Refreshing native plugins compatible for Editor in 0.70 ms, found 3 plugins.
Preloading 0 native plugins for Editor in 0.00 ms.
Unloading 3444 Unused Serialized files (Serialized files now loaded: 0)
Unloading 49 unused Assets / (114.1 KB). Loaded Objects now: 3899.
Memory consumption went from 127.5 MB to 127.4 MB.
Total: 2.634800 ms (FindLiveObjects: 0.249200 ms CreateObjectMapping: 0.171900 ms MarkObjects: 2.119600 ms  DeleteObjects: 0.093300 ms)

AssetImportParameters requested are different than current active one (requested -> active):
  custom:video-decoder-ogg-theora: a1e56fd34408186e4bbccfd4996cb3dc -> 
  custom:container-muxer-webm: aa71ff27fc2769a1b78a27578f13a17b -> 
  custom:container-demuxer-webm: 4f35f7cbe854078d1ac9338744f61a02 -> 
  custom:video-encoder-webm-vp8: eb34c28f22e8b96e1ab97ce403110664 -> 
  custom:video-codec-MediaFoundation-h265: 746d11721c4dcdbdad8f713fa42b33f4 -> 
  custom:audio-encoder-webm-vorbis: bf7c407c2cedff20999df2af8eb42d56 -> 
  custom:framework-win-MediaFoundation: 216162199b28c13a410421893ffa2e32 -> 
  custom:container-demuxer-ogg: 62fdf1f143b41e24485cea50d1cbac27 -> 
  custom:video-decoder-webm-vp8: 9c59270c3fd7afecdb556c50c9e8de78 -> 
  custom:audio-decoder-ogg-vorbis: bf7c407c2cedff20999df2af8eb42d56 -> 
========================================================================
Received Import Request.
  Time since last request: 1345.787384 seconds.
  path: Assets/Scripts/MainScript.cs
  artifactKey: Guid(3865bbd5a664c2b499a0ab0f2730a04f) Importer(815301076,1909f56bfc062723c751e8b465ee728b)
Start importing Assets/Scripts/MainScript.cs using Guid(3865bbd5a664c2b499a0ab0f2730a04f) Importer(815301076,1909f56bfc062723c751e8b465ee728b)  -> (artifact id: '2ce455c443a1587bafdb8685967b5d84') in 0.030539 seconds 
========================================================================
Received Import Request.
  Time since last request: 361.664193 seconds.
  path: Assets/AssetSozai/BGM
  artifactKey: Guid(12f0572c90d7eff4284d9c62908c850b) Importer(815301076,1909f56bfc062723c751e8b465ee728b)
Start importing Assets/AssetSozai/BGM using Guid(12f0572c90d7eff4284d9c62908c850b) Importer(815301076,1909f56bfc062723c751e8b465ee728b)  -> (artifact id: '59f10d270ec358a356d7360203712aae') in 0.004337 seconds 
========================================================================
Received Import Request.
  Time since last request: 6.227969 seconds.
  path: Assets/AssetSozai/Sound
  artifactKey: Guid(12f0572c90d7eff4284d9c62908c850b) Importer(815301076,1909f56bfc062723c751e8b465ee728b)
Start importing Assets/AssetSozai/Sound using Guid(12f0572c90d7eff4284d9c62908c850b) Importer(815301076,1909f56bfc062723c751e8b465ee728b)  -> (artifact id: '28fe391ce3312820b69ec8619f682022') in 0.002054 seconds 
========================================================================
Received Import Request.
  Time since last request: 9.624831 seconds.
  path: Assets/AssetSozai/Sound/BGM
  artifactKey: Guid(17549358316bbe84998c86dee6d2a9e1) Importer(815301076,1909f56bfc062723c751e8b465ee728b)
Start importing Assets/AssetSozai/Sound/BGM using Guid(17549358316bbe84998c86dee6d2a9e1) Importer(815301076,1909f56bfc062723c751e8b465ee728b)  -> (artifact id: '2ac7d8b0ea1e538750f24875ed5d977e') in 0.001859 seconds 
========================================================================
Received Import Request.
  Time since last request: 8.208742 seconds.
  path: Assets/AssetSozai/Sound/SE
  artifactKey: Guid(8e252080054b362449b400889555d32b) Importer(815301076,1909f56bfc062723c751e8b465ee728b)
Start importing Assets/AssetSozai/Sound/SE using Guid(8e252080054b362449b400889555d32b) Importer(815301076,1909f56bfc062723c751e8b465ee728b)  -> (artifact id: 'c653a8f409c2a0c93d915f3ee2ce4837') in 0.017381 seconds 
========================================================================
Received Import Request.
  Time since last request: 21.868244 seconds.
  path: Assets/AssetSozai/Sound/BGM/BGM232-211031-sekaiichinodaitensai-wav.wav
  artifactKey: Guid(efa47b869d74ba74d81762ba40c911d6) Importer(815301076,1909f56bfc062723c751e8b465ee728b)
Start importing Assets/AssetSozai/Sound/BGM/BGM232-211031-sekaiichinodaitensai-wav.wav using Guid(efa47b869d74ba74d81762ba40c911d6) Importer(815301076,1909f56bfc062723c751e8b465ee728b) ComeNPC uses the CustomEditor attribute but does not inherit from Editor.
You must inherit from Editor. See the Editor class script documentation.
UnityEngine.StackTraceUtility:ExtractStackTrace ()
UnityEngine.DebugLogHandler:LogFormat (UnityEngine.LogType,UnityEngine.Object,string,object[])
UnityEngine.Logger:Log (UnityEngine.LogType,object)
UnityEngine.Debug:LogWarning (object)
UnityEditor.CustomEditorAttributes:Rebuild ()
UnityEditor.CustomEditorAttributes:FindCustomEditorTypeByType (System.Type,bool)
UnityEditor.CustomEditorAttributes:FindCustomEditorType (UnityEngine.Object,bool)
UnityEditor.AssetPreviewUpdater:CreatePreview (UnityEngine.Object,UnityEngine.Object[],string,int,int)
UnityEditor.AssetPreviewUpdater:CreatePreviewForAsset (UnityEngine.Object,UnityEngine.Object[],string)

FirstNPC uses the CustomEditor attribute but does not inherit from Editor.
You must inherit from Editor. See the Editor class script documentation.
UnityEngine.StackTraceUtility:ExtractStackTrace ()
UnityEngine.DebugLogHandler:LogFormat (UnityEngine.LogType,UnityEngine.Object,string,object[])
UnityEngine.Logger:Log (UnityEngine.LogType,object)
UnityEngine.Debug:LogWarning (object)
UnityEditor.CustomEditorAttributes:Rebuild ()
UnityEditor.CustomEditorAttributes:FindCustomEditorTypeByType (System.Type,bool)
UnityEditor.CustomEditorAttributes:FindCustomEditorType (UnityEngine.Object,bool)
UnityEditor.AssetPreviewUpdater:CreatePreview (UnityEngine.Object,UnityEngine.Object[],string,int,int)
UnityEditor.AssetPreviewUpdater:CreatePreviewForAsset (UnityEngine.Object,UnityEngine.Object[],string)

LinerNPC uses the CustomEditor attribute but does not inherit from Editor.
You must inherit from Editor. See the Editor class script documentation.
UnityEngine.StackTraceUtility:ExtractStackTrace ()
UnityEngine.DebugLogHandler:LogFormat (UnityEngine.LogType,UnityEngine.Object,string,object[])
UnityEngine.Logger:Log (UnityEngine.LogType,object)
UnityEngine.Debug:LogWarning (object)
UnityEditor.CustomEditorAttributes:Rebuild ()
UnityEditor.CustomEditorAttributes:FindCustomEditorTypeByType (System.Type,bool)
UnityEditor.CustomEditorAttributes:FindCustomEditorType (UnityEngine.Object,bool)
UnityEditor.AssetPreviewUpdater:CreatePreview (UnityEngine.Object,UnityEngine.Object[],string,int,int)
UnityEditor.AssetPreviewUpdater:CreatePreviewForAsset (UnityEngine.Object,UnityEngine.Object[],string)

 -> (artifact id: '1fad43e7b695696d40f588c07f6bd8ed') in 0.206810 seconds 
========================================================================
Received Import Request.
  Time since last request: 12764.398913 seconds.
  path: Assets/AssetSozai/Sound/SE/Killer.mp3
  artifactKey: Guid(9b9995961710d46469e1f12e2c9b724c) Importer(815301076,1909f56bfc062723c751e8b465ee728b)
Start importing Assets/AssetSozai/Sound/SE/Killer.mp3 using Guid(9b9995961710d46469e1f12e2c9b724c) Importer(815301076,1909f56bfc062723c751e8b465ee728b)  -> (artifact id: 'fe15499463dac62b2c4065d33c30ab28') in 0.020805 seconds 
========================================================================
Received Import Request.
  Time since last request: 9.729749 seconds.
  path: Assets/AssetSozai/Sound/SE/Coin.mp3
  artifactKey: Guid(073c47bd416ee374caf4678b61329391) Importer(815301076,1909f56bfc062723c751e8b465ee728b)
Start importing Assets/AssetSozai/Sound/SE/Coin.mp3 using Guid(073c47bd416ee374caf4678b61329391) Importer(815301076,1909f56bfc062723c751e8b465ee728b)  -> (artifact id: '531d058d18aa41107cbd27a4354ca282') in 0.011166 seconds 
========================================================================
Received Import Request.
  Time since last request: 591.282345 seconds.
  path: Assets/Prefab/Fumi.prefab
  artifactKey: Guid(f8ad3c394d7ac7e48b94af353b129802) Importer(815301076,1909f56bfc062723c751e8b465ee728b)
Start importing Assets/Prefab/Fumi.prefab using Guid(f8ad3c394d7ac7e48b94af353b129802) Importer(815301076,1909f56bfc062723c751e8b465ee728b)  -> (artifact id: '3d5ced464c15309785785fcf2c36b7f7') in 0.079558 seconds 
========================================================================
Received Import Request.
  Time since last request: 278.666497 seconds.
  path: Assets/Prefab/TBox.prefab
  artifactKey: Guid(ad40e1409c6fc90429ebb0217a4d5a75) Importer(815301076,1909f56bfc062723c751e8b465ee728b)
Start importing Assets/Prefab/TBox.prefab using Guid(ad40e1409c6fc90429ebb0217a4d5a75) Importer(815301076,1909f56bfc062723c751e8b465ee728b)  -> (artifact id: '8c339a592daec477e37923d3bfdc584a') in 0.019428 seconds 
========================================================================
Received Import Request.
  Time since last request: 5.443013 seconds.
  path: Assets/TextMesh Pro/Resources/Fonts & Materials/LiberationSans SDF - Fallback.asset
  artifactKey: Guid(2e498d1c8094910479dc3e1b768306a4) Importer(815301076,1909f56bfc062723c751e8b465ee728b)
Start importing Assets/TextMesh Pro/Resources/Fonts & Materials/LiberationSans SDF - Fallback.asset using Guid(2e498d1c8094910479dc3e1b768306a4) Importer(815301076,1909f56bfc062723c751e8b465ee728b)  -> (artifact id: 'c4242ad986c6af25a3818ec443561ee3') in 0.108160 seconds 
========================================================================
Received Import Request.
  Time since last request: 636.388999 seconds.
  path: Assets/Scripts/Character/Food.cs
  artifactKey: Guid(89278fe47d2fcd742af7045308c741c8) Importer(815301076,1909f56bfc062723c751e8b465ee728b)
Start importing Assets/Scripts/Character/Food.cs using Guid(89278fe47d2fcd742af7045308c741c8) Importer(815301076,1909f56bfc062723c751e8b465ee728b)  -> (artifact id: '6aa3f6e48cfaa4e57db122df8455762e') in 0.003162 seconds 
========================================================================
Received Prepare
Registering precompiled user dll's ...
Registered in 0.014323 seconds.
Begin MonoManager ReloadAssembly
Symbol file LoadedFromMemory doesn't match image C:\Users\fsait\Desktop\GiTiiKawa\Library\PackageCache\com.unity.visualscripting@1.7.8\Editor\VisualScripting.Core\Dependencies\YamlDotNet\Unity.VisualScripting.YamlDotNet.dll
Symbol file LoadedFromMemory doesn't match image C:\Users\fsait\Desktop\GiTiiKawa\Library\PackageCache\com.unity.visualscripting@1.7.8\Editor\VisualScripting.Core\Dependencies\DotNetZip\Unity.VisualScripting.IonicZip.dll
Native extension for WindowsStandalone target not found
Native extension for iOS target not found
Native extension for Android target not found
Native extension for WebGL target not found
Refreshing native plugins compatible for Editor in 0.88 ms, found 3 plugins.
Preloading 0 native plugins for Editor in 0.00 ms.
Mono: successfully reloaded assembly
- Completed reload, in  1.422 seconds
Domain Reload Profiling:
	ReloadAssembly (1423ms)
		BeginReloadAssembly (303ms)
			ExecutionOrderSort (0ms)
			DisableScriptedObjects (8ms)
			BackupInstance (0ms)
			ReleaseScriptingObjects (0ms)
			CreateAndSetChildDomain (132ms)
		EndReloadAssembly (967ms)
			LoadAssemblies (159ms)
			RebuildTransferFunctionScriptingTraits (0ms)
			SetupTypeCache (357ms)
			ReleaseScriptCaches (1ms)
			RebuildScriptCaches (39ms)
			SetupLoadedEditorAssemblies (395ms)
				LogAssemblyErrors (0ms)
				InitializePlatformSupportModulesInManaged (42ms)
				SetLoadedEditorAssemblies (1ms)
				RefreshPlugins (1ms)
				BeforeProcessingInitializeOnLoad (79ms)
				ProcessInitializeOnLoadAttributes (228ms)
				ProcessInitializeOnLoadMethodAttributes (31ms)
				AfterProcessingInitializeOnLoad (13ms)
				EditorAssembliesLoaded (0ms)
			ExecutionOrderSort2 (0ms)
			AwakeInstancesAfterBackupRestoration (11ms)
Platform modules already initialized, skipping
Refreshing native plugins compatible for Editor in 5.37 ms, found 3 plugins.
Preloading 0 native plugins for Editor in 0.00 ms.
Unloading 3427 Unused Serialized files (Serialized files now loaded: 0)
Unloading 42 unused Assets / (80.5 KB). Loaded Objects now: 3950.
Memory consumption went from 131.2 MB to 131.1 MB.
Total: 5.255600 ms (FindLiveObjects: 0.243700 ms CreateObjectMapping: 0.136600 ms MarkObjects: 4.737800 ms  DeleteObjects: 0.136400 ms)

AssetImportParameters requested are different than current active one (requested -> active):
  custom:video-decoder-ogg-theora: a1e56fd34408186e4bbccfd4996cb3dc -> 
  custom:container-muxer-webm: aa71ff27fc2769a1b78a27578f13a17b -> 
  custom:container-demuxer-webm: 4f35f7cbe854078d1ac9338744f61a02 -> 
  custom:video-encoder-webm-vp8: eb34c28f22e8b96e1ab97ce403110664 -> 
  custom:video-codec-MediaFoundation-h265: 746d11721c4dcdbdad8f713fa42b33f4 -> 
  custom:audio-encoder-webm-vorbis: bf7c407c2cedff20999df2af8eb42d56 -> 
  custom:framework-win-MediaFoundation: 216162199b28c13a410421893ffa2e32 -> 
  custom:container-demuxer-ogg: 62fdf1f143b41e24485cea50d1cbac27 -> 
  custom:video-decoder-webm-vp8: 9c59270c3fd7afecdb556c50c9e8de78 -> 
  custom:audio-decoder-ogg-vorbis: bf7c407c2cedff20999df2af8eb42d56 -> 
========================================================================
Received Prepare
Registering precompiled user dll's ...
Registered in 0.016626 seconds.
Begin MonoManager ReloadAssembly
Symbol file LoadedFromMemory doesn't match image C:\Users\fsait\Desktop\GiTiiKawa\Library\PackageCache\com.unity.visualscripting@1.7.8\Editor\VisualScripting.Core\Dependencies\YamlDotNet\Unity.VisualScripting.YamlDotNet.dll
Symbol file LoadedFromMemory doesn't match image C:\Users\fsait\Desktop\GiTiiKawa\Library\PackageCache\com.unity.visualscripting@1.7.8\Editor\VisualScripting.Core\Dependencies\DotNetZip\Unity.VisualScripting.IonicZip.dll
Native extension for WindowsStandalone target not found
Native extension for iOS target not found
Native extension for Android target not found
Native extension for WebGL target not found
Refreshing native plugins compatible for Editor in 0.70 ms, found 3 plugins.
Preloading 0 native plugins for Editor in 0.00 ms.
Mono: successfully reloaded assembly
- Completed reload, in  1.222 seconds
Domain Reload Profiling:
	ReloadAssembly (1223ms)
		BeginReloadAssembly (197ms)
			ExecutionOrderSort (0ms)
			DisableScriptedObjects (12ms)
			BackupInstance (0ms)
			ReleaseScriptingObjects (0ms)
			CreateAndSetChildDomain (47ms)
		EndReloadAssembly (904ms)
			LoadAssemblies (137ms)
			RebuildTransferFunctionScriptingTraits (0ms)
			SetupTypeCache (346ms)
			ReleaseScriptCaches (2ms)
			RebuildScriptCaches (37ms)
			SetupLoadedEditorAssemblies (345ms)
				LogAssemblyErrors (0ms)
				InitializePlatformSupportModulesInManaged (41ms)
				SetLoadedEditorAssemblies (0ms)
				RefreshPlugins (1ms)
				BeforeProcessingInitializeOnLoad (70ms)
				ProcessInitializeOnLoadAttributes (193ms)
				ProcessInitializeOnLoadMethodAttributes (28ms)
				AfterProcessingInitializeOnLoad (12ms)
				EditorAssembliesLoaded (0ms)
			ExecutionOrderSort2 (0ms)
			AwakeInstancesAfterBackupRestoration (9ms)
Platform modules already initialized, skipping
Refreshing native plugins compatible for Editor in 4.62 ms, found 3 plugins.
Preloading 0 native plugins for Editor in 0.00 ms.
Unloading 3427 Unused Serialized files (Serialized files now loaded: 0)
Unloading 42 unused Assets / (80.5 KB). Loaded Objects now: 3953.
Memory consumption went from 131.2 MB to 131.1 MB.
Total: 3.419000 ms (FindLiveObjects: 0.244700 ms CreateObjectMapping: 0.142600 ms MarkObjects: 2.936400 ms  DeleteObjects: 0.094500 ms)

AssetImportParameters requested are different than current active one (requested -> active):
  custom:video-decoder-ogg-theora: a1e56fd34408186e4bbccfd4996cb3dc -> 
  custom:container-muxer-webm: aa71ff27fc2769a1b78a27578f13a17b -> 
  custom:container-demuxer-webm: 4f35f7cbe854078d1ac9338744f61a02 -> 
  custom:video-encoder-webm-vp8: eb34c28f22e8b96e1ab97ce403110664 -> 
  custom:video-codec-MediaFoundation-h265: 746d11721c4dcdbdad8f713fa42b33f4 -> 
  custom:audio-encoder-webm-vorbis: bf7c407c2cedff20999df2af8eb42d56 -> 
  custom:framework-win-MediaFoundation: 216162199b28c13a410421893ffa2e32 -> 
  custom:container-demuxer-ogg: 62fdf1f143b41e24485cea50d1cbac27 -> 
  custom:video-decoder-webm-vp8: 9c59270c3fd7afecdb556c50c9e8de78 -> 
  custom:audio-decoder-ogg-vorbis: bf7c407c2cedff20999df2af8eb42d56 -> 
========================================================================
Received Import Request.
  Time since last request: 901.188284 seconds.
  path: Assets/Prefab/Fumi.prefab
  artifactKey: Guid(f8ad3c394d7ac7e48b94af353b129802) Importer(815301076,1909f56bfc062723c751e8b465ee728b)
Start importing Assets/Prefab/Fumi.prefab using Guid(f8ad3c394d7ac7e48b94af353b129802) Importer(815301076,1909f56bfc062723c751e8b465ee728b) ComeNPC uses the CustomEditor attribute but does not inherit from Editor.
You must inherit from Editor. See the Editor class script documentation.
UnityEngine.StackTraceUtility:ExtractStackTrace ()
UnityEngine.DebugLogHandler:LogFormat (UnityEngine.LogType,UnityEngine.Object,string,object[])
UnityEngine.Logger:Log (UnityEngine.LogType,object)
UnityEngine.Debug:LogWarning (object)
UnityEditor.CustomEditorAttributes:Rebuild ()
UnityEditor.CustomEditorAttributes:FindCustomEditorTypeByType (System.Type,bool)
UnityEditor.CustomEditorAttributes:FindCustomEditorType (UnityEngine.Object,bool)
UnityEditor.AssetPreviewUpdater:CreatePreview (UnityEngine.Object,UnityEngine.Object[],string,int,int)
UnityEditor.AssetPreviewUpdater:CreatePreviewForAsset (UnityEngine.Object,UnityEngine.Object[],string)

FirstNPC uses the CustomEditor attribute but does not inherit from Editor.
You must inherit from Editor. See the Editor class script documentation.
UnityEngine.StackTraceUtility:ExtractStackTrace ()
UnityEngine.DebugLogHandler:LogFormat (UnityEngine.LogType,UnityEngine.Object,string,object[])
UnityEngine.Logger:Log (UnityEngine.LogType,object)
UnityEngine.Debug:LogWarning (object)
UnityEditor.CustomEditorAttributes:Rebuild ()
UnityEditor.CustomEditorAttributes:FindCustomEditorTypeByType (System.Type,bool)
UnityEditor.CustomEditorAttributes:FindCustomEditorType (UnityEngine.Object,bool)
UnityEditor.AssetPreviewUpdater:CreatePreview (UnityEngine.Object,UnityEngine.Object[],string,int,int)
UnityEditor.AssetPreviewUpdater:CreatePreviewForAsset (UnityEngine.Object,UnityEngine.Object[],string)

LinerNPC uses the CustomEditor attribute but does not inherit from Editor.
You must inherit from Editor. See the Editor class script documentation.
UnityEngine.StackTraceUtility:ExtractStackTrace ()
UnityEngine.DebugLogHandler:LogFormat (UnityEngine.LogType,UnityEngine.Object,string,object[])
UnityEngine.Logger:Log (UnityEngine.LogType,object)
UnityEngine.Debug:LogWarning (object)
UnityEditor.CustomEditorAttributes:Rebuild ()
UnityEditor.CustomEditorAttributes:FindCustomEditorTypeByType (System.Type,bool)
UnityEditor.CustomEditorAttributes:FindCustomEditorType (UnityEngine.Object,bool)
UnityEditor.AssetPreviewUpdater:CreatePreview (UnityEngine.Object,UnityEngine.Object[],string,int,int)
UnityEditor.AssetPreviewUpdater:CreatePreviewForAsset (UnityEngine.Object,UnityEngine.Object[],string)

 -> (artifact id: '56723e19ab1f517cc5dd9bafe8cf2790') in 0.072775 seconds 
========================================================================
Received Prepare
Registering precompiled user dll's ...
Registered in 0.013399 seconds.
Begin MonoManager ReloadAssembly
Symbol file LoadedFromMemory doesn't match image C:\Users\fsait\Desktop\GiTiiKawa\Library\PackageCache\com.unity.visualscripting@1.7.8\Editor\VisualScripting.Core\Dependencies\YamlDotNet\Unity.VisualScripting.YamlDotNet.dll
Symbol file LoadedFromMemory doesn't match image C:\Users\fsait\Desktop\GiTiiKawa\Library\PackageCache\com.unity.visualscripting@1.7.8\Editor\VisualScripting.Core\Dependencies\DotNetZip\Unity.VisualScripting.IonicZip.dll
Native extension for WindowsStandalone target not found
Native extension for iOS target not found
Native extension for Android target not found
Native extension for WebGL target not found
Refreshing native plugins compatible for Editor in 0.84 ms, found 3 plugins.
Preloading 0 native plugins for Editor in 0.00 ms.
Mono: successfully reloaded assembly
- Completed reload, in  1.192 seconds
Domain Reload Profiling:
	ReloadAssembly (1193ms)
		BeginReloadAssembly (168ms)
			ExecutionOrderSort (0ms)
			DisableScriptedObjects (7ms)
			BackupInstance (0ms)
			ReleaseScriptingObjects (0ms)
			CreateAndSetChildDomain (45ms)
		EndReloadAssembly (901ms)
			LoadAssemblies (150ms)
			RebuildTransferFunctionScriptingTraits (0ms)
			SetupTypeCache (312ms)
			ReleaseScriptCaches (1ms)
			RebuildScriptCaches (40ms)
			SetupLoadedEditorAssemblies (365ms)
				LogAssemblyErrors (0ms)
				InitializePlatformSupportModulesInManaged (37ms)
				SetLoadedEditorAssemblies (0ms)
				RefreshPlugins (1ms)
				BeforeProcessingInitializeOnLoad (79ms)
				ProcessInitializeOnLoadAttributes (207ms)
				ProcessInitializeOnLoadMethodAttributes (28ms)
				AfterProcessingInitializeOnLoad (12ms)
				EditorAssembliesLoaded (0ms)
			ExecutionOrderSort2 (0ms)
			AwakeInstancesAfterBackupRestoration (9ms)
Platform modules already initialized, skipping
Refreshing native plugins compatible for Editor in 7.95 ms, found 3 plugins.
Preloading 0 native plugins for Editor in 0.00 ms.
Unloading 3427 Unused Serialized files (Serialized files now loaded: 0)
Unloading 42 unused Assets / (80.6 KB). Loaded Objects now: 3956.
Memory consumption went from 131.2 MB to 131.1 MB.
Total: 6.663500 ms (FindLiveObjects: 0.268000 ms CreateObjectMapping: 0.156300 ms MarkObjects: 6.029500 ms  DeleteObjects: 0.208300 ms)

AssetImportParameters requested are different than current active one (requested -> active):
  custom:video-decoder-ogg-theora: a1e56fd34408186e4bbccfd4996cb3dc -> 
  custom:container-muxer-webm: aa71ff27fc2769a1b78a27578f13a17b -> 
  custom:container-demuxer-webm: 4f35f7cbe854078d1ac9338744f61a02 -> 
  custom:video-encoder-webm-vp8: eb34c28f22e8b96e1ab97ce403110664 -> 
  custom:video-codec-MediaFoundation-h265: 746d11721c4dcdbdad8f713fa42b33f4 -> 
  custom:audio-encoder-webm-vorbis: bf7c407c2cedff20999df2af8eb42d56 -> 
  custom:framework-win-MediaFoundation: 216162199b28c13a410421893ffa2e32 -> 
  custom:container-demuxer-ogg: 62fdf1f143b41e24485cea50d1cbac27 -> 
  custom:video-decoder-webm-vp8: 9c59270c3fd7afecdb556c50c9e8de78 -> 
  custom:audio-decoder-ogg-vorbis: bf7c407c2cedff20999df2af8eb42d56 -> 
========================================================================
Received Import Request.
  Time since last request: 387.166228 seconds.
  path: Assets/Prefab/Fumi.prefab
  artifactKey: Guid(f8ad3c394d7ac7e48b94af353b129802) Importer(815301076,1909f56bfc062723c751e8b465ee728b)
Start importing Assets/Prefab/Fumi.prefab using Guid(f8ad3c394d7ac7e48b94af353b129802) Importer(815301076,1909f56bfc062723c751e8b465ee728b) ComeNPC uses the CustomEditor attribute but does not inherit from Editor.
You must inherit from Editor. See the Editor class script documentation.
UnityEngine.StackTraceUtility:ExtractStackTrace ()
UnityEngine.DebugLogHandler:LogFormat (UnityEngine.LogType,UnityEngine.Object,string,object[])
UnityEngine.Logger:Log (UnityEngine.LogType,object)
UnityEngine.Debug:LogWarning (object)
UnityEditor.CustomEditorAttributes:Rebuild ()
UnityEditor.CustomEditorAttributes:FindCustomEditorTypeByType (System.Type,bool)
UnityEditor.CustomEditorAttributes:FindCustomEditorType (UnityEngine.Object,bool)
UnityEditor.AssetPreviewUpdater:CreatePreview (UnityEngine.Object,UnityEngine.Object[],string,int,int)
UnityEditor.AssetPreviewUpdater:CreatePreviewForAsset (UnityEngine.Object,UnityEngine.Object[],string)

FirstNPC uses the CustomEditor attribute but does not inherit from Editor.
You must inherit from Editor. See the Editor class script documentation.
UnityEngine.StackTraceUtility:ExtractStackTrace ()
UnityEngine.DebugLogHandler:LogFormat (UnityEngine.LogType,UnityEngine.Object,string,object[])
UnityEngine.Logger:Log (UnityEngine.LogType,object)
UnityEngine.Debug:LogWarning (object)
UnityEditor.CustomEditorAttributes:Rebuild ()
UnityEditor.CustomEditorAttributes:FindCustomEditorTypeByType (System.Type,bool)
UnityEditor.CustomEditorAttributes:FindCustomEditorType (UnityEngine.Object,bool)
UnityEditor.AssetPreviewUpdater:CreatePreview (UnityEngine.Object,UnityEngine.Object[],string,int,int)
UnityEditor.AssetPreviewUpdater:CreatePreviewForAsset (UnityEngine.Object,UnityEngine.Object[],string)

LinerNPC uses the CustomEditor attribute but does not inherit from Editor.
You must inherit from Editor. See the Editor class script documentation.
UnityEngine.StackTraceUtility:ExtractStackTrace ()
UnityEngine.DebugLogHandler:LogFormat (UnityEngine.LogType,UnityEngine.Object,string,object[])
UnityEngine.Logger:Log (UnityEngine.LogType,object)
UnityEngine.Debug:LogWarning (object)
UnityEditor.CustomEditorAttributes:Rebuild ()
UnityEditor.CustomEditorAttributes:FindCustomEditorTypeByType (System.Type,bool)
UnityEditor.CustomEditorAttributes:FindCustomEditorType (UnityEngine.Object,bool)
UnityEditor.AssetPreviewUpdater:CreatePreview (UnityEngine.Object,UnityEngine.Object[],string,int,int)
UnityEditor.AssetPreviewUpdater:CreatePreviewForAsset (UnityEngine.Object,UnityEngine.Object[],string)

 -> (artifact id: '106a5702817e3f2a293eb4e0fda7a163') in 0.087779 seconds 
========================================================================
Received Import Request.
  Time since last request: 3795.805396 seconds.
  path: Assets/AssetSozai/Hotdog.png
  artifactKey: Guid(d8a60f05c6db8a24ea2e2e1f10fd1671) Importer(815301076,1909f56bfc062723c751e8b465ee728b)
Start importing Assets/AssetSozai/Hotdog.png using Guid(d8a60f05c6db8a24ea2e2e1f10fd1671) Importer(815301076,1909f56bfc062723c751e8b465ee728b)  -> (artifact id: 'fed576e40f2ead278c92119d2df172c8') in 0.099958 seconds 
========================================================================
Received Import Request.
  Time since last request: 10.632488 seconds.
  path: Assets/AssetSozai/map
  artifactKey: Guid(d50bd0819bf281543a14f4c3dd869d96) Importer(815301076,1909f56bfc062723c751e8b465ee728b)
Start importing Assets/AssetSozai/map using Guid(d50bd0819bf281543a14f4c3dd869d96) Importer(815301076,1909f56bfc062723c751e8b465ee728b)  -> (artifact id: 'ce1db35233dbfc945cb16d561c13a570') in 0.002114 seconds 
========================================================================
Received Import Request.
  Time since last request: 0.075627 seconds.
  path: Assets/AssetSozai/map/at_cave01.png
  artifactKey: Guid(dab09f9b1d8988d46ada145299ec02e8) Importer(815301076,1909f56bfc062723c751e8b465ee728b)
Start importing Assets/AssetSozai/map/at_cave01.png using Guid(dab09f9b1d8988d46ada145299ec02e8) Importer(815301076,1909f56bfc062723c751e8b465ee728b)  -> (artifact id: '6b818f19b1c06cdb01b17ebc7d7240de') in 0.013606 seconds 
========================================================================
Received Import Request.
  Time since last request: 0.040165 seconds.
  path: Assets/AssetSozai/map/at_dang01.png
  artifactKey: Guid(53f4d88f5e8a5654daba7514573db15d) Importer(815301076,1909f56bfc062723c751e8b465ee728b)
Start importing Assets/AssetSozai/map/at_dang01.png using Guid(53f4d88f5e8a5654daba7514573db15d) Importer(815301076,1909f56bfc062723c751e8b465ee728b)  -> (artifact id: '60e33256ea04a31cfb83ef0d821109e4') in 0.014275 seconds 
========================================================================
Received Import Request.
  Time since last request: 0.000023 seconds.
  path: Assets/AssetSozai/map/t_castle04.png
  artifactKey: Guid(00d616f06a1187b4ba322fee433df650) Importer(815301076,1909f56bfc062723c751e8b465ee728b)
Start importing Assets/AssetSozai/map/t_castle04.png using Guid(00d616f06a1187b4ba322fee433df650) Importer(815301076,1909f56bfc062723c751e8b465ee728b)  -> (artifact id: '5615e947140ff6c2b73e92fea7fc8038') in 0.011456 seconds 
========================================================================
Received Import Request.
  Time since last request: 0.000026 seconds.
  path: Assets/AssetSozai/map/t_cave06.png
  artifactKey: Guid(83c43006783bc6f4db6de6eb3fae69e0) Importer(815301076,1909f56bfc062723c751e8b465ee728b)
Start importing Assets/AssetSozai/map/t_cave06.png using Guid(83c43006783bc6f4db6de6eb3fae69e0) Importer(815301076,1909f56bfc062723c751e8b465ee728b)  -> (artifact id: '6534a23b7e86117f6ffdadc8b48ac18f') in 0.014190 seconds 
========================================================================
Received Import Request.
  Time since last request: 0.000022 seconds.
  path: Assets/AssetSozai/map/t_cave04.png
  artifactKey: Guid(f6c57cf287a866742a8eb6ec384cc501) Importer(815301076,1909f56bfc062723c751e8b465ee728b)
Start importing Assets/AssetSozai/map/t_cave04.png using Guid(f6c57cf287a866742a8eb6ec384cc501) Importer(815301076,1909f56bfc062723c751e8b465ee728b)  -> (artifact id: 'bcbbd371643582b6073eefe4cd2b8e17') in 0.021651 seconds 
========================================================================
Received Import Request.
  Time since last request: 0.000028 seconds.
  path: Assets/AssetSozai/map/m_mori.png
  artifactKey: Guid(c9e431add9445cd4f97775b77ca830e3) Importer(815301076,1909f56bfc062723c751e8b465ee728b)
Start importing Assets/AssetSozai/map/m_mori.png using Guid(c9e431add9445cd4f97775b77ca830e3) Importer(815301076,1909f56bfc062723c751e8b465ee728b)  -> (artifact id: '11ab290b34c00538c598732eae2abddd') in 0.027716 seconds 
========================================================================
Received Import Request.
  Time since last request: 0.000023 seconds.
  path: Assets/AssetSozai/map/t_cave01.png
  artifactKey: Guid(e99b853aa1d57c7448155022ca95abeb) Importer(815301076,1909f56bfc062723c751e8b465ee728b)
Start importing Assets/AssetSozai/map/t_cave01.png using Guid(e99b853aa1d57c7448155022ca95abeb) Importer(815301076,1909f56bfc062723c751e8b465ee728b)  -> (artifact id: 'ceddc17e67a4ed4a1a6b8ae1bc7860e9') in 0.014839 seconds 
========================================================================
Received Import Request.
  Time since last request: 0.000043 seconds.
  path: Assets/AssetSozai/map/t_cave05.png
  artifactKey: Guid(f84188c247812034e8a5bf51fc9b115f) Importer(815301076,1909f56bfc062723c751e8b465ee728b)
Start importing Assets/AssetSozai/map/t_cave05.png using Guid(f84188c247812034e8a5bf51fc9b115f) Importer(815301076,1909f56bfc062723c751e8b465ee728b)  -> (artifact id: '8996e2f169d4b966869efb7b96eb1ad8') in 0.040748 seconds 
========================================================================
Received Import Request.
  Time since last request: 0.000057 seconds.
  path: Assets/AssetSozai/map/at_dang02.png
  artifactKey: Guid(01b747c80516b1443a459437e86015f5) Importer(815301076,1909f56bfc062723c751e8b465ee728b)
Start importing Assets/AssetSozai/map/at_dang02.png using Guid(01b747c80516b1443a459437e86015f5) Importer(815301076,1909f56bfc062723c751e8b465ee728b)  -> (artifact id: 'e792e44c82ffcc083303ba411338efbb') in 0.017728 seconds 
========================================================================
Received Import Request.
  Time since last request: 0.000032 seconds.
  path: Assets/AssetSozai/map/t_castle03.png
  artifactKey: Guid(ac517ed2984b9bf4392e6584cfde5326) Importer(815301076,1909f56bfc062723c751e8b465ee728b)
Start importing Assets/AssetSozai/map/t_castle03.png using Guid(ac517ed2984b9bf4392e6584cfde5326) Importer(815301076,1909f56bfc062723c751e8b465ee728b)  -> (artifact id: 'ef85097a03ffea3aabf62cf38ea58ef0') in 0.019648 seconds 
========================================================================
Received Import Request.
  Time since last request: 0.000029 seconds.
  path: Assets/AssetSozai/map/t_castle01.png
  artifactKey: Guid(5fbd74f8f9e590b4182703d911e4a94f) Importer(815301076,1909f56bfc062723c751e8b465ee728b)
Start importing Assets/AssetSozai/map/t_castle01.png using Guid(5fbd74f8f9e590b4182703d911e4a94f) Importer(815301076,1909f56bfc062723c751e8b465ee728b)  -> (artifact id: '13556f88446d8a1ca16f13cf5edd6d4d') in 0.023747 seconds 
========================================================================
Received Import Request.
  Time since last request: 0.000032 seconds.
  path: Assets/AssetSozai/map/t_cave03.png
  artifactKey: Guid(81d5c591c48505747af0aa862c127f4d) Importer(815301076,1909f56bfc062723c751e8b465ee728b)
Start importing Assets/AssetSozai/map/t_cave03.png using Guid(81d5c591c48505747af0aa862c127f4d) Importer(815301076,1909f56bfc062723c751e8b465ee728b)  -> (artifact id: '64aeb340059f96fc9e1a62c900cdc623') in 0.024287 seconds 
========================================================================
Received Import Request.
  Time since last request: 0.000028 seconds.
  path: Assets/AssetSozai/map/m_cave.png
  artifactKey: Guid(fe61234dd351c9f42a13eca4bc647d02) Importer(815301076,1909f56bfc062723c751e8b465ee728b)
Start importing Assets/AssetSozai/map/m_cave.png using Guid(fe61234dd351c9f42a13eca4bc647d02) Importer(815301076,1909f56bfc062723c751e8b465ee728b)  -> (artifact id: '572e56080ea1d24bb82e0d835a69a814') in 0.028914 seconds 
========================================================================
Received Import Request.
  Time since last request: 0.000025 seconds.
  path: Assets/AssetSozai/map/t_mori01.png
  artifactKey: Guid(070424347e2fa3d4f8c438810b0055ae) Importer(815301076,1909f56bfc062723c751e8b465ee728b)
Start importing Assets/AssetSozai/map/t_mori01.png using Guid(070424347e2fa3d4f8c438810b0055ae) Importer(815301076,1909f56bfc062723c751e8b465ee728b)  -> (artifact id: '36ed89d9fb095cbae396c4a99055107f') in 0.022305 seconds 
========================================================================
Received Import Request.
  Time since last request: 0.000043 seconds.
  path: Assets/AssetSozai/map/m_castle.png
  artifactKey: Guid(a366bc5b78b41c34b87866d3db9f4705) Importer(815301076,1909f56bfc062723c751e8b465ee728b)
Start importing Assets/AssetSozai/map/m_castle.png using Guid(a366bc5b78b41c34b87866d3db9f4705) Importer(815301076,1909f56bfc062723c751e8b465ee728b)  -> (artifact id: 'f6190a9369ff6bcda29fa71c92456830') in 0.022745 seconds 
========================================================================
Received Import Request.
  Time since last request: 0.000031 seconds.
  path: Assets/AssetSozai/map/at_dang03.png
  artifactKey: Guid(ce3e2ae417d433b4f9e6432462537812) Importer(815301076,1909f56bfc062723c751e8b465ee728b)
Start importing Assets/AssetSozai/map/at_dang03.png using Guid(ce3e2ae417d433b4f9e6432462537812) Importer(815301076,1909f56bfc062723c751e8b465ee728b)  -> (artifact id: '099d9d93eb21d8e0a80a850a9431fb24') in 0.023971 seconds 
========================================================================
Received Import Request.
  Time since last request: 0.000036 seconds.
  path: Assets/AssetSozai/map/m_snowtown.png
  artifactKey: Guid(dd46abaa91c0b9e4183ee35083fe3fbc) Importer(815301076,1909f56bfc062723c751e8b465ee728b)
Start importing Assets/AssetSozai/map/m_snowtown.png using Guid(dd46abaa91c0b9e4183ee35083fe3fbc) Importer(815301076,1909f56bfc062723c751e8b465ee728b)  -> (artifact id: '18f83b77cf374cd293ebd3c5b3263523') in 0.009928 seconds 
========================================================================
Received Import Request.
  Time since last request: 0.000025 seconds.
  path: Assets/AssetSozai/map/t_cave02.png
  artifactKey: Guid(7b4a3addaf49672499b2f0968f93a1eb) Importer(815301076,1909f56bfc062723c751e8b465ee728b)
Start importing Assets/AssetSozai/map/t_cave02.png using Guid(7b4a3addaf49672499b2f0968f93a1eb) Importer(815301076,1909f56bfc062723c751e8b465ee728b)  -> (artifact id: '1fae2e200d4caafe29b5c19780d1cdcd') in 0.010649 seconds 
========================================================================
Received Import Request.
  Time since last request: 0.000023 seconds.
  path: Assets/AssetSozai/map/m_town.png
  artifactKey: Guid(f723bd0f59089964aad675b2ea7f5c1c) Importer(815301076,1909f56bfc062723c751e8b465ee728b)
Start importing Assets/AssetSozai/map/m_town.png using Guid(f723bd0f59089964aad675b2ea7f5c1c) Importer(815301076,1909f56bfc062723c751e8b465ee728b)  -> (artifact id: 'e9aae63a3b1a8c7aae850b6d7f30a534') in 0.012730 seconds 
========================================================================
Received Import Request.
  Time since last request: 0.000056 seconds.
  path: Assets/AssetSozai/map/t_dang01.png
  artifactKey: Guid(1854789917b63624d84530226f116351) Importer(815301076,1909f56bfc062723c751e8b465ee728b)
Start importing Assets/AssetSozai/map/t_dang01.png using Guid(1854789917b63624d84530226f116351) Importer(815301076,1909f56bfc062723c751e8b465ee728b)  -> (artifact id: '7afccc6904cdad12832fe8f9ba65486d') in 0.009466 seconds 
